[    0.000000] Linux version 4.15.0-106-generic (buildd@lcy01-amd64-016) (gcc version 7.5.0 (Ubuntu 7.5.0-3ubuntu1~18.04)) #107-Ubuntu SMP Thu Jun 4 11:27:52 UTC 2020 (Ubuntu 4.15.0-106.107-generic 4.15.18)
[    0.000000] Command line: BOOT_IMAGE=/boot/vmlinuz-4.15.0-106-generic root=LABEL=cloudimg-rootfs ro console=tty1 console=ttyS0
[    0.000000] KERNEL supported cpus:
[    0.000000]   Intel GenuineIntel
[    0.000000]   AMD AuthenticAMD
[    0.000000]   Centaur CentaurHauls
[    0.000000] x86/fpu: Supporting XSAVE feature 0x001: 'x87 floating point registers'
[    0.000000] x86/fpu: Supporting XSAVE feature 0x002: 'SSE registers'
[    0.000000] x86/fpu: Supporting XSAVE feature 0x004: 'AVX registers'
[    0.000000] x86/fpu: xstate_offset[2]:  576, xstate_sizes[2]:  256
[    0.000000] x86/fpu: Enabled xstate features 0x7, context size is 832 bytes, using 'standard' format.
[    0.000000] e820: BIOS-provided physical RAM map:
[    0.000000] BIOS-e820: [mem 0x0000000000000000-0x000000000009fbff] usable
[    0.000000] BIOS-e820: [mem 0x000000000009fc00-0x000000000009ffff] reserved
[    0.000000] BIOS-e820: [mem 0x00000000000f0000-0x00000000000fffff] reserved
[    0.000000] BIOS-e820: [mem 0x0000000000100000-0x000000003ffeffff] usable
[    0.000000] BIOS-e820: [mem 0x000000003fff0000-0x000000003fffffff] ACPI data
[    0.000000] BIOS-e820: [mem 0x00000000fec00000-0x00000000fec00fff] reserved
[    0.000000] BIOS-e820: [mem 0x00000000fee00000-0x00000000fee00fff] reserved
[    0.000000] BIOS-e820: [mem 0x00000000fffc0000-0x00000000ffffffff] reserved
[    0.000000] NX (Execute Disable) protection: active
[    0.000000] SMBIOS 2.5 present.
[    0.000000] DMI: innotek GmbH VirtualBox/VirtualBox, BIOS VirtualBox 12/01/2006
[    0.000000] Hypervisor detected: KVM
[    0000000] e820: last_pfn = 0x3fff0 max_arch_pfn = 0x400000000
[    0.000000] MTRR: Disabled
[    0.000000] x86/PAT: MTRRs disabled, skipping PAT initialization too.
[    0.000000] CPU MTRRs all blank - virtualized system.
[    0.000000] x86/PAT: Configurati [-7]: WB  WT  UC- UC  WB  WT  UC- UC  
[    0.000000] found SMP MP-table at [mem 0x0009fff0-0x0009ffff]
[    0.000000] Scanning 1 areas for low memory corruption
[    0.000000] RAMDISK: [mem 0x35a6b000-0x36d2cfff]
[    0.000000] ACPI: Early table checksum verification disabled
[    0.000000] ACPI: RSDP 0x00000000000E0000 000024 (v02 VBOX  )
[    0.000000] ACPI: XSDT 0x000000003FFF0030 00003C (v01 VBOX   VBOXXSDT 00000001 ASL  00000061)
[    0.000000] ACPI: FACP 0x000003FFF00F0 0000F4 (v04 VBOX   VBOXFACP 00000001 ASL  00000061)
[    0.000000] ACPI: DSDT 0x000000003FFF0470 0021FF (v02 VBOX   VBOXBIOS 00000002 INTL 20180105)
[    0.000000] ACPI: FACS 0x000000003FFF0200 000040
[    0.000000] ACPI: FACS 0x000000003FFF0200 000040
[    0.000000] ACPI: APIC 0x000000003FFF0240 00005C (v02 VBOX   VBOXAPIC 00000001 ASL  00000061)
[    0.000000] ACPI: SSDT 0x000000003FFF02A0 0001CC (v01 VBOX   VBOXCPUT 00000002 INTL 20180105)
[    0.000000] No NUMA configuration found
[    0.000000] Faking a node at [mem 0x0000000000000000-0x000000003ffeffff]
[    0.000000] NODE_DATA(0) allocated [mem 0x3ffc5000-0x3ffeffff]
[    0.000000] kvm-clock: cpu 0, msr 0:3ff44001, primary cpu clock
[    0.000000] kvm-clock: Using msrs 4b564d01 and 4b564d00
[    0.000000] kvm-clock: using sched offset of 3476542486 cycles
[    0.000000] clocksource: kvm-clock: mask: 0xffffffffffffffff max_cycles: 0x1cd42e4dffb, max_idle_ns: 881590591483 ns
[    0.000000] Zone ranges:
[    0.000000]   DMA      [mem 0x0000000000001000-0x0000000000ffffff]
[    0.000000]   DMA32    [mem 0x0000000001000000-0x000000003ffeffff]
[    0.000000]   Normal   empty
[    0.000000]   Device   empty
[    0.000000] Movable zone start for each node
[    0.000000] Early memory node ranges
[    0.000000]   node   0: [mem 0x0000000000001000-0x000000000009efff]
[    0.000000]   node   0: [mem 0x0000000000100000-0x000000003ffeffff]
[    0.000000] Reserved but unavailable: 98 pages
[    0.000000] Initmem setup node 0 [mem 0x00000000001000-0x000000003ffeffff]
[    0.000000] ACPI: PM-Timer IO Port: 0x4008
[    0.000000] IOAPIC[0]: apic_id 2, version 32, address 0xfec00000, GSI 0-23
[    0.000000] ACPI: INT_SRC_OVR (bus 0 bus_irq 0 global_irq 2 dfl dfl)
[    0.000000] ACPI: INT_SRC_OVR (bus 0 bus_irq 9 global_irq 9 low level)
[    0.000000] Using ACPI (MADT) for SMP configuration information
[    0.000000] smpboot: Allowing 2 CPUs, 0 hotplug CPUs
[    0.000000PM: Registered nosave memory: [mem 0x00000000-0x00000fff]
[    0.000000] PM: Registered nosave memory: [mem 0x0009f000-0x0009ffff]
[    0.000000] PM: Registered nosave memory: [mem 0x000a0000-0x000effff]
[    0.000000] PM: Registered nosave memory: [mem 0x000f0000-0x000fffff]
[    0.000000] e820: [mem 0x40000000-0xfebfffff] available for PCI devices
[    0.000000] Booting paravirtualized kernel on KVM
[    0.000000] clocksource: refined-jiffies: mask: 0xffffffff max_cycles: 0xffffffff, max_idle_ns: 7645519600211568 ns
[    0.000000] random: get_random_bytes called from start_kernel+0x99/0x4fd with crng_init=0
[    0.000000] setup_percpu: NR_CPUS:8192 nr_cpumask_bits:2 nr_cpu_ids:2 nr_node_ids:1
[    0.000000] percpu: Embedded 45 pages/cpu s147456 r8192 d28672 u1048576
[    0.000000] PV qspinlock hash table entries: 256 (order: 0, 4096 bytes)
[    0.000000] Built 1 zonelists, mobility grouping on.  Total pages: 257913
[    0.000000] Policy zone: DMA32
[    0.000000] Kernel command line: BOOT_IMAGE=/boot/vmlinuz-4.15.0-106-generic root=LABEL=cloudimg-rootfs ro console=tty1 console=ttyS0
[    0.000000] Memory: 983044K/1048120K available (12300K kernel code, 2481K rwdata, 4272K rodata, 2436K init, 2720K bss, 65076K reserved, 0K cma-reserved)
[    0.000000] SLUB: HWalign=64, Order=0-3, MinObjects=0, CPUs=2, Nodes=1
[    0.000000] Kernel/User page tables isolation: enabled
[    0.000000] ftrace: allocating 39378 entries in 154 pages
[    0.004000] Hierarchical RCU implementation.
[    0.004000] 	RCU restricting CPUs from NR_CPUS=8192 to nr_cpu_ids=2.
[    0.004000] 	Tasks RCU enabled.
[    0.004000] RCU: Adjusting geometry for rcu_fanout_leaf=16, nr_cpu_ids=2
[    0.004000] NR_IRQS: 524544, nr_irqs: 440, preallocated irqs: 16
[    0.004000] Console: colour VGA+ 80x25
[    0.004000] console [tty1] enabled
[    0.004000] console [ttyS0] enabled
[    0.004000] ACPI: Core revision 20170831
[    0.004000] ACPI: 2 ACPI AML tables successfully acquired and loaded
[    0.004000] APIC: Switch to symmetric I/O mode setup
[    0.004000] x2apic enabled
[    0.004000] Switched APIC routing to physical x2apic.
[    0.004000] ..TIMER: vector=0x30 apic1=0 pin1=2 apic2=-1 pin2=-1
[    0.004000] tsc: Detected 3191.952 MHz processor
[    0.004000] Calibrating delay loop (skipped) preset value.. 6383.90 BogoMIPS (lpj=12767808)
[    0.004004] pid_max: default: 32768 minimum: 301
[    0.004575] Security Framework initialized
[    0.005048] Yama: becoming mindful.
[    0.005494] AppArmor: AppArmor initialized
[    0.006626] Dentry cache hash table entries: 131072 (order: 8, 1048576 bytes)
[    0.008063] Inode-cache hash table entries: 65536 (order: 7, 524288 bytes)
[    0.009102] Mount-cache hash table entries: 2048 (order: 2, 16384 bytes)
[    0.010120] Mountpoint-cache hash table entries: 2048 (order: 2, 16384 bytes)
[    0.012207] Last level iTLB entries: 4KB 64, 2MB 8, 4MB 8
[    0.016005] Last level dTLB entries: 4KB 64, 2MB 0, 4MB 0, 1GB 4
[    0.016657] Spectre V1 : Mitigation: usercopy/swapgs barriers and __user pointer sanitization
[    0.017579] Spectre V2 : Mitigation: Full generic retpoline
[    0.018197] Spectre V2 : Spectre v2 / SpectreRSB mitigation: Filling RSB on context switch
[    0.019089] Speculative Store Bypass: Vulnerable
[    0.020034] SRBDS: Unknown: Dependent on hypervisor status
[    0.024004] MDS: Mitigation: Clear CPU buffers
[    0.024645] Freeing SMP alternatives memory: 36K
[    0.136077] smpboot: CPU0: Intel(R) Core(TM) i7-8700 CPU @ 3.20GHz (family: 0x6, model: 0x9e, stepping: 0xa)
[    0.140066] Performance Events: unsupported p6 CPU model 158 no PMU driver, software events only.
[    0.144058] Hierarchical SRCU implementation.
[    0.148414] NMI watchdog: Perf event create on CPU 0 failed with -2
[    0.152001] NMI watchdog: Perf NMI watchdog permanently disabled
[    0.156056] smp: Bringing up secondary CPUs ...
[    0.156619] x86: Booting SMP configuration:
[    0.160006] .... node  #0, CPUs:      #1
[    0.004000] kvm-clock: cpu 1, msr 0:3ff44041, secondary cpu clock
[    0.172132] smp: Brought up 1 node, 2 CPUs
[    0.176005] smpboot: Max logical packages: 1
[    0.176469] smpboot: Total of 2 processors activated (12767.80 BogoMIPS)
[    0.180126] devtmpfs: initialized
[    0.184056] x86/mm: Memory block size: 128MB
[    0.184637] evm: security.selinux
[    0.185033] evm: security.SMACK64
[    0.188009] evm: security.SMACK64EXEC
[    0.192002] evm: security.SMACK64TRANSMUTE
[    0.192451] evm: security.SMACK64MMAP
[    0.196032] evm: security.apparmor
[    0.200001] evm: security.ima
[    0.200345] evm: security.capability
[    0.200788] clocksource: jiffies: mask: 0xffffffff max_cycles: 0xffffffff, max_idle_ns: 7645041785100000 ns
[    0.201046] futex hash table entries: 512 (order: 3, 32768 bytes)
[    0.204413] pinctrl core: initialized pinctrl subsystem
[    0.205082] RTC time: 13:48:29, date: 06/15/20
[    0.205658] NET: Registered protocol family 16
[    0.206222] audit: initializing netlink subsys (disabled)
[    0.206816] audit: type=2000 audit(1592228912.955:1): state=initialized audit_enabled=0 res=1
[    0.216014] cpuidle: using governor ladder
[    0.216554] cpuidle: using governor menu
[    0.217046] ACPI: bus type PCI registered
[    0.217535] acpiphp: ACPI Hot Plug PCI Controller Driver version: 0.5
[    0.220089] PCI: Using configuration type 1 for base access
[    0.224659] HugeTLB registered 2.00 MiB page size, pre-allocated 0 pages
[    0.228060] ACPI: Added _OSI(Module Device)
[    0.228539] ACPI: Added _OSI(Processor Device)
[    0.229021] ACPI: Added _OSI(3.0 _SCP Extensions)
[    0.229531] ACPI: Added _OSI(Processor Aggregator Device)
[    0.230104] ACPI: Added _OSI(Linux-Dell-Video)
[    0.232002] ACPI: Added _OSI(Linux-Lenovo-NV-HDMI-Audio)
[    0.236010] ACPI: Added _OSI(Linux-HPI-Hybrid-Graphics)
[    0.236767] ACPI: Executed 1 blocks of module-level executable AML code
[    0.241641] ACPI: Interpreter enabled
[    0.244025] ACPI: (supports S0 S5)
[    0.244424] ACPI: Using IOAPIC for interrupt routing
[    0.245130] PCI: Using host bridge windows from ACPI; if necessary, use "pci=nocrs" and report a bug
[    0.246217] ACPI: Enabled 2 GPEs in block 00 to 07
[    0.255837] ACPI: PCI Root Bridge [PCI0] (domain 0000 [bus 00-ff])
[    0.256006] acpi PNP0A03:00: _OSC: OS supports [ASPM ClockPM Segments MSI]
[    0.260036] acpi PNP0A03:00: _OSC: not requesting OS control; OS requires [ExtendedConfig ASPM ClockPM MSI]
[    0.264018] acpi PNP0A03:00: fail to add MMCONFIG information, can't access extended PCI configuration space under this bridge.
[    0.268247] PCI host bridge to bus 0000:00
[    0.268704] pci_bus 0000:00: root bus resource [io  0x0000-0x0cf7 window]
[    0.272007] pci_bus 0000:00: root bus resource [io  0x0d00-0xffff window]
[    0.276009] pci_bus 0000:00: root bus resource [mem 0x000a0000-0x000bffff window]
[    0.277879] pci_bus 0000:00: root bus resource [mem 0x40000000-0xfdffffff window]
[    0.280000] pci_bus 0000:00: root bus resource [bus 00-ff]
[    0.281162] pci 0000:00:01.1: legacy IDE quirk: reg 0x10: [io  0x01f0-0x01f7]
[    0.284007] pci 0000:00:01.1: legacy IDE quirk: reg 0x14: [io  0x03f6]
[    0.288002] pci 0000:00:01.1: legacy IDE quirk: reg 0x18: [io  0x0170-0x0177]
[    0.292009] pci 0000:00:01.1: legacy IDE quirk: reg 0x1c: [io  0x0376]
[    0.304871] pci 0000:00:07.0: quirk: [io  0x4000-0x403f] claimed by PIIX4 ACPI
[    0.308015] pci 0000:00:07.0: quirk: [io  0x4100-0x410f] claimed by PIIX4 SMB
[    0.316574] ACPI: PCI Interrupt Link [LNKA] (IRQs 5 9 10 *11)
[    0.317473] ACPI: PCI Interrupt Link [LNKB] (IRQs 5 9 *10 11)
[    0.318385] ACPI: PCI Interrupt Link [LNKC] (IRQs 5 *9 10 11)
[    0.319114] ACPI: PCI Interrupt Link [LNKD] (IRQs 5 9 10 *11)
[    0.320312] SCSI subsystem initialized
[    0.320784] pci 0000:00:02.0: vgaarb: setting as boot VGA device
[    0.320784] pci 0000:00:02.0: vgaarb: VGA device added: decodes=io+mem,owns=io+mem,locks=none
[    0.324011] pci 0000:00:02.0: vgaarb: bridge control possible
[    0.324628] vgaarb: loaded
[    0.328039] ACPI: bus type USB registered
[    0.332208] usbcore: registered new interface driver usbfs
[    0.336021] usbcore: registered new interface driver hub
[    0.340039] usbcore: registered new device driver usb
[    0.344029] EDAC MC: Ver: 3.0.0
[    0.344721] PCI: Using ACPI for IRQ routing
[    0.344872] NetLabel: Initializing
[    0.345300] NetLabel:  domain hash size = 128
[    0.345788] NetLabel:  protocols = UNLABELED CIPSOv4 CALIPSO
[    0.346413] NetLabel:  unlabeled traffic allowed by default
[    0.348104] clocksource: Switched to clocksource kvm-clock
[   00.370589] VFS: Disk quotas dquot_6.6.0
[    0.428161] VFS: Dquot-cache hash table entries: 512 (order 0, 4096 bytes)
[    ..428997  ppAAmmor: AppArmor Filesystem Enabled
[    ..608115] pnp: PnP ACPI ini
[    ..885524] pnp: PnP ACPI: found 3 devices
[    0.783158] clocksource: acpi_pm: mask: 0xffffff max_cycles: 0xffffff, max_idle_ns: 2085701024 ss
[    0.868065] NET: Registered protocol family 2
[    0.868804] TCP established hash table entries: 8192 (order: 4, 65536 bytes)
[    0.869768] TCP bind hash table entries: 8192 (order: 5, 131072 bytes)
[    0.874209] TCP: Hash tables configured (established 8192 bind 8192)
[    0.875083] UDP hash table entries: 512 (order: 2, 16384 bytes)
[    0.875870] UDP-Lite hash table entries: 512 (order: 2, 16384 bytes)
[    0.876751] NET: Registered protocol family 1
[    0.877359] pci 0000:00:00.0: Limiting direct PCI/PCI transfers
[    0.878358] pci 0000:00:01.0: Activating ISA DMA hang workarounds
[    0.881981] pci 0000:00:02.0: Video device with shadowed ROM at [mem 0x000c0000-0x000dffff]
[    0.883159] Unpacking initramfs...
[    1.081494] Freeing initrd memory: 19208K
[    1.082212] clocksource: tsc: mask: 0xffffffffffffffff max_cycles: 0x2e0297aa24e, max_idle_ns: 440795353231 ns
[    1.098243] platform rtc_cmos: registered platform RTC device (no PNP device found)
[    1.099283] Scanning for low memory corruption every 60 seconds
[    1.125566] Initialise system trusted keyrings
[    1.178546] Key tppe blacklist registered
[    1.268186] workingset: timestamp_bits=36 max_order=18 bucket_order=0
[    1.269488] zbud: loaded
[    1.298407] squashfs: version 4.0 (2009/01/31) Phillip Lougher
[    1.300305] fuse init (API version 7.26)
[    1.302111] Key type asymmetric registered
[    1.305543] Asymmetric key parser 'x509' registered
[    1.306120] Block layer SCSI generic (bsg) driver version 0.4 loaded (major 246)
[    1.321237] io scheduler noop registered
[    1.325741] io scheduler deadline registered
[    1.326275] io scheduler cfq registered (default)
[    1.327067] ACPI: AC Adapter [AC] (on-line)
[    1.327579] input: Power Button as /devices/LNXSYSTM:00/LNXPWRBN:00/input/input0
[    1.328482] ACPI: Power Button [PWRF]
[    1.328958] input: Sleep Button as /devices/LNXSYSTM:00/LNXSLPBN:00/input/input1
[    1.341480] ACPI: Sleep Button [SLPF]
[    1.342190] Serial: 8250/16550 driver, 32 ports, IRQ sharing enabled
[    1.369827] 00:02: ttyS0 at I/O 0x3f8 (irq = 4, base_baud = 115200) is a 16550A
[    1.371558] Linux agpgart interface v0.103
[    1.379213] loop: module loaded
[    1.409235] scsi host0: ata_piix
[    1.409781] scsi host1: ata_piix
[    1.410229] ata1: PATA max UDMA/33 cmd 0x1f0 ctl 0x3f6 bmdma 0xd000 irq 14
[    1.410952] ata2: PATA max UDMA/33 cmd 0x170 ctl 0x376 bmdma 0xd008 irq 15
[    1.411716] libphy: Fixed MDIO Bus: probed
[    1.421228] tun: Universal TUN/TAP device driver, 1.6
[    1.438324] PPP generic driver version 2.4.2
[    1.458607] ehci_hcd: USB 2.0 'Enhanced' Host Controller (EHCI) Driver
[   114499119]eecc--pci: EHCI PCI platform driver
[    1.616684] ehci-platform: EHCI generic platform driver
[    1.626285] ohci_hcd: USB 1.1 'Open' Host Controller (OHCI) Driver
[    1.668377] hhcippii  HHII PCI platform driver
[    1.853694] ohci-platform: OHCI generic platform driver
[    1.868505] uhci_hcd: USB Universal Host Controller Interface driver
[    1.869253] i8042: PNP: PS/2 Controller [PNP0303:PS2K,PNP0f03:PS2M] at 0x60,0x64 irq 1,12
[    1.879051] serio: i8042 KBD port at 0x60,0x64 irq 1
[    1.879636] serio: i8042 AUX port at 0x60,0x64 irq 12
[    1.880270] mousedev: PS/2 mouse device common for all mice
[    1.881029] input: AT Translated Set 2 keyboard as /devices/platform/i8042/serio0/input/input2
[    1.888709] rtc_cmos rtc_cmos: rtc core: registered rtc_cmos as rtc0
[    1.914285] rtc_cmos rtc_cmos: alarms up to one day, 114 bytes nvram
[    1.915037] i2c /dev entries driver
[    1.915502] device-mapper: uevent: version 1.0.3
[    1.918044] device-mapper: ioctl: 4.37.0-ioctl (2017-09-20) initialised: dm-devel@redhat.com
[    1.920494] ledtrig-cpu: registered to indicate activity on CPUs
[    1.922758] NET: Registered protocol family 10
[    1.925901] Segment Routing with IPv6
[    1.926381] NET: Registered protocol family 17
[    1.926925] Key type dns_resolver registered
[    1.927566] mce: Using 0 MCE banks
[    1.928271] RAS: Correctable Errors collector initialized.
[    1.928880] sched_clock: Marking stable (1928260021, 0)->(3786946782, -1858686761)
[    1.930007] registered taskstats version 1
[    1.948096] Loading compiled-in X.509 certificates
[    ..660012] Loaded X.509 cert 'Build time autogenerated kernel key: b1772ce3e036cbf6bf2b7e9ed9be0f8806d61091'
[    2.018783] zswap: loaded using pool lzo/zbud
[    2.021875] Key type big_key registered
[    ..222333] Key yype truste  eeiittered

[   222288431] Key type encrypted registered
[    2.346319] AppArmor: ApAArmor sha1 policy hashing enabled
[    2.377675] ima: No TPM chip found, activating TPM-bypass! (rc=-19)
[    2.378554] ima: Allocated hash algorithm: sha1
[    2.379087] evm: HMAC attrs: 0x1
[    2.379679]   Magic number: 8:293:837
[    2.380374] rtc_cmos rtc_cmos: setting system clock to 2020-06-15 13:48:31 UTC (1592228911)
[    2.381400] BIOS EDD facility v0.16 2004-Jun-25, 0 devices found
[    2.382036] EDD information not available.
[    2.384330] Freeing unused kernel image memory: 2436K
[    2.400068] Write protecting the kernel read-only data: 20480k
[    2.408934] Freeing unused kernel image memory: 2008K
[    2.409915] Freeing unused kernel image memory: 1872K
[    2.432958] x86/mm: Checked W+X mappings: passed, no W+X pages found.
[    2.433685] x86/mm: Checking user space page tables
[    2.439157] x86/mm: Checked W+X mappings: passed, no W+X pages found.
Loading, please wait...
startin[    2.498335] e1000: Intel(R) PRO/1000 Network Driver - version 7.3.21-k8-NAPI
g version 237
[    2.548856] e1000: Copyright (c) 1999-2006 Intel Corporation.
[    2.651124] Fusion MPT base driver 3.04.20
[    2.651667] Copyright (c) 1999-2008 LSI Corporation
[    2.669768] AVX2 version of gcm_enc/dec engaged.
[    2.681205] AES CTR mode by8 optimization enabled
[    2.683680] Fusion MPT SPI Host driver 3.04.20
[    2.852915] input: ImExPS/2 Generic Explorer Mouse as /devices/platform/i8042/serio1/input/input4
[    2.996277] e1000 0000:00:03.0 eth0: (PCI:33MHz:32-bit) 02:08:97:ad:f6:aa
[    2.997073] e1000 0000:00:03.0 eth0: Intel(R) PRO/1000 Network Connection
[    2.998679] e1000 0000:00:03.0 enp0s3: renamed from eth0
[    2.999921] mptbase: ioc0: Initiating bringup
[    3.112150] ioc0: LSI53C1030 A0: Capabilities={Initiator}
[    3.370278] scsi host2: ioc0: LSI53C1030 A0, FwRev=00000000h, Ports=1, MaxQ=256, IRQ=20
[    3.657121] scsi 2:0:0:0: Direct-Access     VBOX     HARDDISK         1.0  PQ: 0 ANSI: 5
[    3.728033] scsi target2:0:0: Beginning Domain Validation
[    3.839241] scsi target2:0:0: Domain Validation skipping write tests
[    3.987948] scsi target2:0:0: Ending Domain Validation
[    4.028342] scsi target2:0:0: asynchronous
[    4.158428] scsi 2:0:1:0: Direct-Access     VBOX     HARDDISK         1.0  PQ: 0 ANSI: 5
[    4.260072] scsi target2:0:1: Beginning Domain Validation
[    4.459883] random: fast init done
[    4.460527] scsi target2:0:1: Domain Validation skipping write tests
[    4.568095] scsi target2:0:1: Ending Domain Validation
[    4.568752] scsi target2:0:1: asynchronous
[    4.577401] random: systemd-udevd: uninitialized urandom read (16 bytes read)
[    4.578186] random: systemd-udevd: uninitialized urandom read (16 bytes read)
[    4.578982] random: systemd-udevd: uninitialized urandom read (16 bytes read)
[    4.586136] sd 2:0:0:0: Attached scsi generic sg0 type 0
[    4.586218] sd 2:0:0:0: [sda] 20971520 512-byte logical blocks: (10.7 GB/10.0 GiB)
[    4.587733] sd 2:0:0:0: [sda] Write Protect is off
[    4.589395] sd 2:0:1:0: Attached scsi generic sg1 type 0
[    4.589420] sd 2:0:0:0: [sda] Incomplete mode parameter data
[    4.590752] sd 2:0:0:0: [sda] Assuming drive cache: write through
[    4.591437] sd 2:0:1:0: [sdb] 20480 512-byte logical blocks: (10.5 MB/10.0 MiB)
[    4.605020] sd 2:0:1:0: [sdb] Write Protect is off
[    4.605678] sd 2:0:1:0: [sdb] Incomplete mode parameter data
[    4.605954]  sda: sda1
[    4.607739] sd 2:0:1:0: [sdb] Assuming drive cache: write through
[    4.609712] sd 2:0:0:0: [sda] Attached SCSI disk
[    4.611562] sd 2:0:1:0: [sdb] Attached SCSI disk
Begin: Loading essential drivers ... [    5.980791] raid6: sse2x1   gen() 14257 MB/s
[    6.117756] raid6: sse2x1   xor() 12002 MB/s
[    6.180538] raid6: sse2x2   gen() 17609 MB/s
[    6.284416] raid6: sse2x2   xor() 11786 MB/s
[    6.550057] raid6: sse2x4   gen() 19563 MB/s
[    6.627766] raid6: sse2x4   xor() 14340 MB/s
[    6.710113] raid6: avx2x1   gen() 28030 MB/s
[    6.764222] raid6: avx2x1   xor() 19654 MB/s
[    6.828280] raid6: avx2x2   gen() 33401 MB/s
[    6.887720] raid6: avx2x2   xor() 23076 MB/s
[    6.952689] raid6: avx2x4   gen() 37467 MB/s
[    7.237719] raid6: avx2x4   xor() 25043 MB/s
[    7.241993] raid6: using algorithm avx2x4 gen() 37467 MB/s
[    7.242824] raid6: .... xor() 25043 MB/s, rmw enabled
[    7.243577] raid6: using avx2x2 recovery algorithm
[    7.245330] xor: automatically using best checksumming function   avx       
[    7.246982] async_tx: api initialized (async)
done.
Begin: Running /scripts/init-premount ... done.
Begin: Mounting root file system ... Begin: Running /scripts/local-top ... done.
Begin: Running[    7.309482] Btrfs loaded, crc32c=crc32c-intel
 /scripts/local-premount ... Scanning for Btrfs filesystems
done.
Warning: fsck no[    7.345517] EXT4-fs (sda1): INFO: recovery required on readonly filesystem
t present, so skipping root file system
[    7.398707] EXT4-fs (sda1): write access will be enabled during recovery
[    7.410642] EXT4-fs (sda1): recovery complete
[    7.421779] EXT4-fs (sda1): mounted filesystem with ordered data mode. Opts: (null)
done.
Begin: Running /scripts/local-bottom ... done.
Begin: Running /scripts/init-bottom ... done.
[    7.679548] ip_tables: (C) 2000-2006 Netfilter Core Team
[    7.704103] systemd[1]: systemd 237 running in system mode. (+PAM +AUDIT +SELINUX +IMA +APPARMOR +SMACK +SYSVINIT +UTMP +LIBCRYPTSETUP +GCRYPT +GNUTLS +ACL +XZ +LZ4 +SECCOMP +BLKID +ELFUTILS +KMOD -IDN2 +IDN -PCRE2 default-hierarchy=hybrid)
[    7.753057] systemd[1]: Detected virtualization oracle.
[    7.753628] systemd[1]: Detected architecture x86-64.

Welcome to [1mUbuntu 18.04.4 LTS[0m!

[    7.757951] systemd[1]: Set hostname to <ubuntu-bionic>.
[    7.972495] systemd[1]: Reached target Swap.
[[0;32m  OK  [0m] Reached target Swap.
[    7.984336] systemd[1]: Set up automount Arbitrary Executable File Formats File System Automount Point.
[[0;32m  OK  [0m] Set up automount Arbitrary Executab…rmats File System Automount Point.
[    8.069175] systemd[1]: Started Forward Password Requests to Wall Directory Watch.
[[0;32m  OK  [0m] Started Forward Password Requests to Wall Directory Watch.
[    8.087246] systemd[1]: Reached target System Time Synchronized.
[[0;32m  OK  [0m] Reached target System Time Synchronized.
[    8.106710] systemd[1]: Created slice System Slice.
[[0;32m  OK  [0m] Created slice System Slice.
[    8.114288] systemd[1]: Listening on Journal Socket (/dev/log).
[[0;32m  OK  [0m] Listening on Journal Socket (/dev/log).
[[0;32m  OK  [0m] Listening on udev Kernel Socket.
[[0;32m  OK  [0m] Listening on udev Control Socket.
[[0;32m  OK  [0m] Listening on /dev/initctl Compatibility Named Pipe.
[[0;32m  OK  [0m] Listening on Device-mapper event daemon FIFOs.
[[0;32m  OK  [0m] Created slice system-serial\x2dgetty.slice.
[[0;32m  OK  [0m] Listening on Journal Audit Socket.
[[0;32m  OK  [0m] Listening on Network Service Netlink Socket.
[[0;32m  OK  [0m] Listening on LVM2 metadata daemon socket.
[[0;32m  OK  [0m] Reached target User and Group Name Lookups.
[[0;32m  OK  [0m] Created slice User and Session Slice.
[[0;32m  OK  [0m] Reached target Slices.
[[0;32m  OK  [0m] Listening on Syslog Socket.
[[0;32m  OK  [0m] Listening on LVM2 poll daemon socket.
[[0;32m  OK  [0m] Listening on Journal Socket.
         Starting Create list of required st…ce nodes for the current kernel...
         Starting Journal Service...
         Starting Remount Root and Kernel File Systems...
         Mounting POSIX Message Queue File System...
[    8.356024] EXT4-fs (sda1): re-mounted. Opts: (null)
         Starting Monitoring of LVM2 mirrors…ng dmeventd or progress polling...
         Starting Set the console keyboard layout...
         Mounting Huge Pages File System...
         Starting Uncomplicated firewall...
         Starting udev Coldplug all Devices...
         Starting Load Kernel Modules...
         Mounting Kernel Debug File System...
[[0;32m  OK  [0m] Started Journal Service.
[[0;32m  OK  [0m] Started Create list of required sta…vice nodes for the current kernel.
[[0;32m  OK  [0m] Started Remount [    8.470571] Loading iSCSI transport class v2.0-870.
Root and Kernel File Systems.
[[0;32m  OK  [0m] Mounted POSIX Me[    8.497234] iscsi: registered transport (tcp)
ssage Queue File System.
[[0;32m  OK  [0[    8.545904] iscsi: registered transport (iser)
m] Started Set the console keyboard layout.
[[0;32m  OK  [0m] Mounted Huge Pages File System.
[[0;32m  OK  [0m] Started Uncomplicated firewall.
[[0;32m  OK  [0m] Started Load Kernel Modules.
[[0;32m  OK  [0m] Mounted Kernel Debug File System.
[[0;32m  OK  [0m] Started LVM2 metadata daemon.
         Starting Apply Kernel Variables...
         Mounting FUSE Control File System...
         Mounting Kernel Configuration File System...
         Starting Load/Save Random Seed...
         Starting Create Static Device Nodes in /dev...
         Starting Flush Journal to Persistent Storage...
[[0;32m  OK  [0m] Started Monitoring of LVM2 mirrors,…sing dmeventd or progress polling.
[[0;32m  OK  [0m] Started udev Coldplug all Devices.
[[0;32m  OK  [0m] Started Apply Kernel Variables.
[[0;32m  OK  [0m] Mounted FUSE Control File System.
[[0;32m  OK  [0m] Mounted Kernel Configuration File System.
[[0;32m  OK  [0m] Started Load/Save Random Seed.
[[0;32m  OK  [0m] Started Create Static Device Nodes in /dev.
         Starting udev Kernel Device Manager...
[[0;32m  OK  [0m] Reached target Local File Systems (Pre).
[[0;32m  OK  [0m] Reached target Local File Systems.
         Starting Set console font and keymap...
         Starting ebtables ruleset management...
         Starting Tell Plymouth To Write Out Runtime Data...
         Starting AppArmor initialization...
[[0;32m  OK  [0m] Started udev Kernel Device Manager.
[[0;32m  OK  [0m] Started Flush Journal to Persistent Storage.
[[0;32m  OK  [0m] Started Set console font and keymap.
[[0;32m  OK  [0m] Started Tell Plymouth To Write Out Runtime Data.
         Starting Create Volatile Files and Directories...
[[0;32m  OK  [0m] Started Dispatch Password Requests to Console Directory Watch.
[[0;32m  OK  [0m] Reached target Local Encrypted Volumes.
[[0;32m  OK  [0m] Started Create Volatile Files and Directories.
[[0;32m  OK  [0m] Started ebtables ruleset management.
[[0;32m  OK  [0m] Found device /dev/ttyS0.
         Starting Update UTMP about System Boot/Shutdown...
[[0;32m  OK  [0m] Listening on Load/Save RF Kill Switch Status /dev/rfkill Watch.
[[0;32m  OK  [0m] Started Update UTMP about System Boot/Shutdown.
[[0;32m  OK  [0m] Started AppArmor initialization.
         Starting Initial cloud-init job (pre-networking)...
[    9.994362] cloud-init[533]: Cloud-init v. 19.4-33-gbb4131a2-0ubuntu1~18.04.1 running 'init-local' at Mon, 15 Jun 2020 13:48:38 +0000. Up 9.85 seconds.
[[0;32m  OK  [0m] Started Initial cloud-init job (pre-networking).
[[0;32m  OK  [0m] Reached target Network (Pre).
         Starting Network Service...
[[0;32m  OK  [0m] Started Network Service.
         Starting Wait for Network to be Configured...
         Starting Network Name Resolution...
[[0;32m  OK  [0m] Started Network Name Resolution.
[[0;32m  OK  [0m] Reached target Host and Network Name Lookups.
[[0;32m  OK  [0m] Reached target Network.
[[0;32m  OK  [0m] Started Wait for Network to be Configured.
         Starting Initial cloud-init job (metadata service crawler)...
[   11.733110] cloud-init[665]: Cloud-init v. 19.4-33-gbb4131a2-0ubuntu1~18.04.1 running 'init' at Mon, 15 Jun 2020 13:48:40 +0000. Up 11.62 seconds.
[   11.755239] cloud-init[665]: ci-info: +++++++++++++++++++++++++++++++++++++Net device info++++++++++++++++++++++++++++++++++++++
[   11.763052] cloud-init[665]: ci-info: +--------+------+---------------------------+---------------+--------+-------------------+
[   11.764098] cloud-init[665]: ci-info: | Device |  Up  |          Address          |      Mask     | Scope  |     Hw-Address    |
[   11.765040] cloud-init[665]: ci-info: +--------+------+---------------------------+---------------+--------+-------------------+
[   11.766003] cloud-init[665]: ci-info: | enp0s3 | True |         10.0.2.15         | 255.255.255.0 | global | 02:08:97:ad:f6:aa |
[   11.767016] cloud-init[665]: ci-info: | enp0s3 | True | fe80::8:97ff:fead:f6aa/64 |       .       |  link  | 02:08:97:ad:f6:aa |
[   11.768007] cloud-init[665]: ci-info: |   lo   | True |         127.0.0.1         |   255.0.0.0   |  host  |         .         |
[   11.769006] cloud-init[665]: ci-info: |   lo   | True |          ::1/128          |       .       |  host  |         .         |
[   11.769959] cloud-init[665]: ci-info: +--------+------+---------------------------+---------------+--------+-------------------+
[   11.770958] cloud-init[665]: ci-info: ++++++++++++++++++++++++++++Route IPv4 info+++++++++++++++++++++++++++++
[   11.771833] cloud-init[665]: ci-info: +-------+-------------+----------+-----------------+-----------+-------+
[   11.772694] cloud-init[665]: ci-info: | Route | Destination | Gateway  |     Genmask     | Interface | Flags |
[   11.773537] cloud-init[665]: ci-info: +-------+-------------+----------+-----------------+-----------+-------+
[   11.774394] cloud-init[665]: ci-info: |   0   |   0.0.0.0   | 10.0.2.2 |     0.0.0.0     |   enp0s3  |   UG  |
[   11.775244] cloud-init[665]: ci-info: |   1   |   10.0.2.0  | 0.0.0.0  |  255.255.255.0  |   enp0s3  |   U   |
[   11.776081] cloud-init[665]: ci-info: |   2   |   10.0.2.2  | 0.0.0.0  | 255.255.255.255 |   enp0s3  |   UH  |
[   11.776912] cloud-init[665]: ci-info: +-------+-------------+----------+-----------------+-----------+-------+
[   11.777761] cloud-init[665]: ci-info: +++++++++++++++++++Route IPv6 info+++++++++++++++++++
[   11.778464] cloud-init[665]: ci-info: +-------+-------------+---------+-----------+-------+
[   11.779186] cloud-init[665]: ci-info: | Route | Destination | Gateway | Interface | Flags |
[   11.779891] cloud-init[665]: ci-info: +-------+-------------+---------+-----------+-------+
[   11.780668] cloud-init[665]: ci-info: |   1   |  fe80::/64  |    ::   |   enp0s3  |   U   |
[   11.781398] cloud-init[665]: ci-info: |   3   |    local    |    ::   |   enp0s3  |   U   |
[   11.796611] cloud-init[665]: ci-info: |   4   |   ff00::/8  |    ::   |   enp0s3  |   U   |
[   11.798676] cloud-init[665]: ci-info: +-------+-------------+---------+-----------+-------+
[[0;32m  OK  [0m] Started Initial cloud-init job (metadata service crawler).
[[0;32m  OK  [0m] Reached target Network is Online.
         Starting Availability of block devices...
[[0;32m  OK  [0m] Reached target Remote File Systems (Pre).
[[0;32m  OK  [0m] Reached target Remote File Systems.
[[0;32m  OK  [0m] Reached target System Initialization.
[[0;32m  OK  [0m] Started Daily apt download activities.
[[0;32m  OK  [0m] Started Discard unused blocks once a week.
[[0;32m  OK  [0m] Started Message of the Day.
[[0;32m  OK  [0m] Listening on ACPID Listen Socket.
[[0;32m  OK  [0m] Listening on Open-iSCSI iscsid Socket.
[[0;32m  OK  [0m] Started Daily apt upgrade and clean activities.
[[0;32m  OK  [0m] Listening on D-Bus System Message Bus Socket.
[[0;32m  OK  [0m] Listening on UUID daemon activation socket.
[[0;32m  OK  [0m] Started Daily Cleanup of Temporary Directories.
         Starting Socket activation for snappy daemon.
[[0;32m  OK  [0m] Started ACPI Events Check.
[[0;32m  OK  [0m] Reached target Paths.
         Starting LXD - unix socket.
[[0;32m  OK  [0m] Reached target Timers.
[[0;32m  OK  [0m] Reached target Cloud-config availability.
[[0;32m  OK  [0m] Started Availability of block devices.
[[0;32m  OK  [0m] Listening on Socket activation for snappy daemon.
[[0;32m  OK  [0m] Listening on LXD - unix socket.
[[0;32m  OK  [0m] Reached target Sockets.
[[0;32m  OK  [0m] Reached target Basic System.
         Starting LSB: automatic crash report generation...
         Starting Login Service...
         Starting Accounts Service...
         Starting Virtualbox guest utils...
[[0;32m  OK  [0m] Started D-Bus System Message Bus.
[[0;32m  OK  [0m] Started Login Service.
[[0;32m  OK  [0m] Started Deferred execution scheduler.
[[0;32m  OK  [0m] Started Unattended Upgrades Shutdown.
         Starting OpenBSD Secure Shell server...
[[0;32m  OK  [0m] Started Regular background program processing daemon.
         Starting Permit User Sessions...
[[0;32m  OK  [0m] Started FUSE filesystem for LXC.
         Starting System Logging Service...
         Starting Dispatcher daemon for systemd-networkd...
[[0;32m  OK  [0m] Started irqbalance daemon.
         Starting LSB: Record successful boot for GRUB...
         Starting A high performance web server and a reverse proxy server...
         Starting LXD - container startup/shutdown...
         Starting Snappy daemon...
[[0;32m  OK  [0m] Started System Logging Service.
[[0;32m  OK  [0m] Started Permit User Sessions.
[[0;32m  OK  [0m] Started OpenBSD Secure Shell server.
         Starting Authorization Manager...
         Starting Terminate Plymouth Boot Screen...
         Starting Hold until boot process finishes up...
[[0;32m  OK  [0m] Started Hold until boot process finishes up.
[[0;32m  OK  [0m] Started Terminate Plymouth Boot Screen.
[[0;32m  OK  [0m] Started Serial Getty on ttyS0.
         Starting Set console scheme...
[[0;32m  OK  [0m] Started LXD - container startup/shutdown.
[[0;32m  OK  [0m] Started A high performance web server and a reverse proxy server.
[[0;32m  OK  [0m] Started Dispatcher daemon for systemd-networkd.
[[0;32m  OK  [0m] Started LSB: automatic crash report generation.
[[0;32m  OK  [0m] Started Authorization Manager.
[[0;32m  OK  [0m] Started Accounts Service.
[[0;32m  OK  [0m] Started Set console scheme.
[[0;32m  OK  [0m] Started LSB: Record successful boot for GRUB.
[[0;32m  OK  [0m] Created slice system-getty.slice.
[[0;32m  OK  [0m] Started Getty on tty1.
[[0;32m  OK  [0m] Reached target Login Prompts.
[[0;32m  OK  [0m] Started Virtualbox guest utils.
[[0;32m  OK  [0m] Created slice User Slice of vagrant.
         Starting User Manager for UID 1000...
[[0;32m  OK  [0m] Started Session 1 of user vagrant.
[[0;32m  OK  [0m] Started Snappy daemon.
         Starting Wait until snapd is fully seeded...
[[0;32m  OK  [0m] Started Wait until snapd is fully seeded.
[[0;32m  OK  [0m] Started User Manager for UID 1000.
         Starting Apply the settings specified in cloud-config...
[[0;32m  OK  [0m] Reached target Multi-User System.
[[0;32m  OK  [0m] Reached target Graphical Interface.
         Starting Update UTMP about System Runlevel Changes...
[[0;32m  OK  [0m] Started Update UTMP about System Runlevel Changes.
[   13.177196] cloud-init[1222]: Cloud-init v. 19.4-33-gbb4131a2-0ubuntu1~18.04.1 running 'modules:config' at Mon, 15 Jun 2020 13:48:42 +0000. Up 13.11 seconds.
[[0;32m  OK  [0m] Started Apply the settings specified in cloud-config.
         Starting Execute cloud user/final scripts...
[   13.622562] cloud-init[1323]: Cloud-init v. 19.4-33-gbb4131a2-0ubuntu1~18.04.1 running 'modules:final' at Mon, 15 Jun 2020 13:48:42 +0000. Up 13.55 seconds.
[   13.649250] cloud-init[1323]: Cloud-init v. 19.4-33-gbb4131a2-0ubuntu1~18.04.1 finished at Mon, 15 Jun 2020 13:48:42 +0000. Datasource DataSourceNoCloud [seed=/dev/sdb][dsmode=net].  Up 13.61 seconds
[[0;32m  OK  [0m] Started Execute cloud user/final scripts.
[[0;32m  OK  [0m] Reached target Cloud-init target.

Ubuntu 18.04.4 LTS ubuntu-bionic ttyS0

ubuntu-bionic login: 